<?xml version="1.0" encoding="UTF-8"?>
<testsuite xmlns:xsi="http://www.w3.org/2001/XMLSchema-instance" xsi:noNamespaceSchemaLocation="https://maven.apache.org/surefire/maven-surefire-plugin/xsd/surefire-test-report-3.0.xsd" version="3.0" name="runner.CucumberTestRunner" time="229.695" tests="4" errors="0" skipped="0" failures="0">
  <properties>
[...]
</properties>
  <testcase name="User should be able to submit form with all required fields filled in" classname="Verify retirement calculator" time="90.971">
    <system-out><![CDATA[
@tc001 @regression
Scenario: User should be able to submit form with all required fields filled in # featureFiles/RetirementCalculator.feature:4
Browser getting started
  Given User is available on calulator screen                                   # stepDefinations.RetirementCalculatorStepDefination.user_is_available_on_calulator_screen()

    Embedding User should be able to submit form with all required fields filled in [image/png 351688 bytes]

  When User provide all input details                                           # stepDefinations.RetirementCalculatorStepDefination.user_provide_all_input_details()

    Embedding User should be able to submit form with all required fields filled in [image/png 60876 bytes]

  And social security benefit select as No                                      # stepDefinations.RetirementCalculatorStepDefination.social_security_benefit_select_as_no()

    Embedding User should be able to submit form with all required fields filled in [image/png 60876 bytes]

  And click calculate button                                                    # stepDefinations.RetirementCalculatorStepDefination.click_calculate_button()

    Embedding User should be able to submit form with all required fields filled in [image/png 59262 bytes]

In order to retire by 60, you might need to consider increasing your monthly savings by $0 a month.
  Then result message should be displayed                                       # stepDefinations.RetirementCalculatorStepDefination.result_message_should_be_displayed()

    Embedding User should be able to submit form with all required fields filled in [image/png 55519 bytes]

Browser closed
]]></system-out>
    <system-err><![CDATA[Jan 13, 2023 9:33:48 AM io.cucumber.junit.Cucumber <init>
WARNING: By default Cucumber is running in --non-strict mode.
This default will change to --strict and --non-strict will be removed.
You can use --strict or @CucumberOptions(strict = true) to suppress this warning
SLF4J: Failed to load class "org.slf4j.impl.StaticLoggerBinder".
SLF4J: Defaulting to no-operation (NOP) logger implementation
SLF4J: See http://www.slf4j.org/codes.html#StaticLoggerBinder for further details.
ERROR StatusLogger Log4j2 could not find a logging implementation. Please add log4j-core to the classpath. Using SimpleLogger to log to the console...
Starting ChromeDriver 109.0.5414.74 (e7c5703604daa9cc128ccf5a5d3e993513758913-refs/branch-heads/5414@{#1172}) on port 55583
Only local connections are allowed.
Please see https://chromedriver.chromium.org/security-considerations for suggestions on keeping ChromeDriver safe.
ChromeDriver was started successfully.
Jan 13, 2023 9:34:07 AM org.openqa.selenium.remote.ProtocolHandshake createSession
INFO: Detected dialect: W3C
Jan 13, 2023 9:34:07 AM org.openqa.selenium.devtools.CdpVersionFinder findNearestMatch
WARNING: Unable to find an exact match for CDP version 109, so returning the closest version found: a no-op implementation
Jan 13, 2023 9:34:07 AM org.openqa.selenium.devtools.CdpVersionFinder findNearestMatch
INFO: Unable to find CDP implementation matching 109.
Jan 13, 2023 9:34:07 AM org.openqa.selenium.chromium.ChromiumDriver lambda$new$3
WARNING: Unable to find version of CDP to use for . You may need to include a dependency on a specific version of the CDP using something similar to `org.seleniumhq.selenium:selenium-devtools-v86:4.0.0` where the version ("v86") matches the version of the chromium-based browser you're using and the version number of the artifact is the same as Selenium's.
[1673582694.022][SEVERE]: Timed out receiving message from renderer: 10.000
[1673582694.022][WARNING]: screenshot failed, retrying timeout: Timed out receiving message from renderer: 10.000
[1673582704.022][SEVERE]: Timed out receiving message from renderer: 10.000
]]></system-err>
  </testcase>
  <testcase name="Additional Social Security fields should display/hide based on Social Security benefits toggle" classname="Verify retirement calculator" time="42.218">
    <system-out><![CDATA[
@tc002 @regression
Scenario: Additional Social Security fields should display/hide based on Social Security benefits toggle # featureFiles/RetirementCalculator.feature:12
Browser getting started
  Given User is available on calulator screen                                                            # stepDefinations.RetirementCalculatorStepDefination.user_is_available_on_calulator_screen()

    Embedding Additional Social Security fields should display/hide based on Social Security benefits toggle [image/png 350174 bytes]

  When User provide all input details                                                                    # stepDefinations.RetirementCalculatorStepDefination.user_provide_all_input_details()

    Embedding Additional Social Security fields should display/hide based on Social Security benefits toggle [image/png 60884 bytes]

Radio button false
  And social security benefit select as Yes                                                              # stepDefinations.RetirementCalculatorStepDefination.social_security_benefit_select_as_yes()

    Embedding Additional Social Security fields should display/hide based on Social Security benefits toggle [image/png 55281 bytes]

  Then martial status section should be displayed                                                        # stepDefinations.RetirementCalculatorStepDefination.martial_status_section_should_be_displayed()

    Embedding Additional Social Security fields should display/hide based on Social Security benefits toggle [image/png 55281 bytes]

Radio button false
  And social security benefit select as No                                                               # stepDefinations.RetirementCalculatorStepDefination.social_security_benefit_select_as_no()

    Embedding Additional Social Security fields should display/hide based on Social Security benefits toggle [image/png 59875 bytes]

  Then martial status section should not be displayed                                                    # stepDefinations.RetirementCalculatorStepDefination.martial_status_section_should_not_be_displayed()

    Embedding Additional Social Security fields should display/hide based on Social Security benefits toggle [image/png 55185 bytes]

Browser closed
]]></system-out>
    <system-err><![CDATA[Starting ChromeDriver 109.0.5414.74 (e7c5703604daa9cc128ccf5a5d3e993513758913-refs/branch-heads/5414@{#1172}) on port 51163
Only local connections are allowed.
Please see https://chromedriver.chromium.org/security-considerations for suggestions on keeping ChromeDriver safe.
ChromeDriver was started successfully.
Jan 13, 2023 9:35:23 AM org.openqa.selenium.remote.ProtocolHandshake createSession
INFO: Detected dialect: W3C
Jan 13, 2023 9:35:23 AM org.openqa.selenium.devtools.CdpVersionFinder findNearestMatch
WARNING: Unable to find an exact match for CDP version 109, so returning the closest version found: a no-op implementation
Jan 13, 2023 9:35:23 AM org.openqa.selenium.devtools.CdpVersionFinder findNearestMatch
INFO: Unable to find CDP implementation matching 109.
Jan 13, 2023 9:35:23 AM org.openqa.selenium.chromium.ChromiumDriver lambda$new$3
WARNING: Unable to find version of CDP to use for . You may need to include a dependency on a specific version of the CDP using something similar to `org.seleniumhq.selenium:selenium-devtools-v86:4.0.0` where the version ("v86") matches the version of the chromium-based browser you're using and the version number of the artifact is the same as Selenium's.
]]></system-err>
  </testcase>
  <testcase name="User should be able to submit form with all fields filled in" classname="Verify retirement calculator" time="43.049">
    <system-out><![CDATA[
@tc003 @regression
Scenario: User should be able to submit form with all fields filled in # featureFiles/RetirementCalculator.feature:21
Browser getting started
  Given User is available on calulator screen                          # stepDefinations.RetirementCalculatorStepDefination.user_is_available_on_calulator_screen()

    Embedding User should be able to submit form with all fields filled in [image/png 351688 bytes]

  When User provide all input details                                  # stepDefinations.RetirementCalculatorStepDefination.user_provide_all_input_details()

    Embedding User should be able to submit form with all fields filled in [image/png 60884 bytes]

Radio button false
  And social security benefit select as Yes                            # stepDefinations.RetirementCalculatorStepDefination.social_security_benefit_select_as_yes()

    Embedding User should be able to submit form with all fields filled in [image/png 54350 bytes]

  Then martial status section should be displayed                      # stepDefinations.RetirementCalculatorStepDefination.martial_status_section_should_be_displayed()

    Embedding User should be able to submit form with all fields filled in [image/png 54350 bytes]

  And click calculate button                                           # stepDefinations.RetirementCalculatorStepDefination.click_calculate_button()

    Embedding User should be able to submit form with all fields filled in [image/png 51813 bytes]

Congratulations! You are exceeding your retirement goals. You are saving an extra $0 a month.
  Then result message should be displayed                              # stepDefinations.RetirementCalculatorStepDefination.result_message_should_be_displayed()

    Embedding User should be able to submit form with all fields filled in [image/png 54817 bytes]

Browser closed
]]></system-out>
    <system-err><![CDATA[Starting ChromeDriver 109.0.5414.74 (e7c5703604daa9cc128ccf5a5d3e993513758913-refs/branch-heads/5414@{#1172}) on port 60438
Only local connections are allowed.
Please see https://chromedriver.chromium.org/security-considerations for suggestions on keeping ChromeDriver safe.
ChromeDriver was started successfully.
Jan 13, 2023 9:36:05 AM org.openqa.selenium.remote.ProtocolHandshake createSession
INFO: Detected dialect: W3C
Jan 13, 2023 9:36:05 AM org.openqa.selenium.devtools.CdpVersionFinder findNearestMatch
WARNING: Unable to find an exact match for CDP version 109, so returning the closest version found: a no-op implementation
Jan 13, 2023 9:36:05 AM org.openqa.selenium.devtools.CdpVersionFinder findNearestMatch
INFO: Unable to find CDP implementation matching 109.
Jan 13, 2023 9:36:05 AM org.openqa.selenium.chromium.ChromiumDriver lambda$new$3
WARNING: Unable to find version of CDP to use for . You may need to include a dependency on a specific version of the CDP using something similar to `org.seleniumhq.selenium:selenium-devtools-v86:4.0.0` where the version ("v86") matches the version of the chromium-based browser you're using and the version number of the artifact is the same as Selenium's.
]]></system-err>
  </testcase>
  <testcase name="User should be able to update default calculator values" classname="Verify retirement calculator" time="53.062">
    <system-out><![CDATA[
@tc004 @regression
Scenario: User should be able to update default calculator values # featureFiles/RetirementCalculator.feature:30
Browser getting started
  Given User is available on calulator screen                     # stepDefinations.RetirementCalculatorStepDefination.user_is_available_on_calulator_screen()

    Embedding User should be able to update default calculator values [image/png 350174 bytes]

  When User provide all input details                             # stepDefinations.RetirementCalculatorStepDefination.user_provide_all_input_details()

    Embedding User should be able to update default calculator values [image/png 60884 bytes]

  And social security benefit select as No                        # stepDefinations.RetirementCalculatorStepDefination.social_security_benefit_select_as_no()

    Embedding User should be able to update default calculator values [image/png 60884 bytes]

  And click on Adjust default values link                         # stepDefinations.RetirementCalculatorStepDefination.click_on_adjust_default_values_link()

    Embedding User should be able to update default calculator values [image/png 100041 bytes]

Radio button false
  And user provide Default calculator values                      # stepDefinations.RetirementCalculatorStepDefination.user_provide_Default_calculator_values()

    Embedding User should be able to update default calculator values [image/png 92810 bytes]

  And click save changes button                                   # stepDefinations.RetirementCalculatorStepDefination.click_save_changes_button()

    Embedding User should be able to update default calculator values [image/png 128702 bytes]

  And click calculate button                                      # stepDefinations.RetirementCalculatorStepDefination.click_calculate_button()

    Embedding User should be able to update default calculator values [image/png 68235 bytes]

Congratulations! You are exceeding your retirement goals. You are saving an extra $0 a month.
  Then result message should be displayed                         # stepDefinations.RetirementCalculatorStepDefination.result_message_should_be_displayed()

    Embedding User should be able to update default calculator values [image/png 54817 bytes]

Browser closed
]]></system-out>
    <system-err><![CDATA[Starting ChromeDriver 109.0.5414.74 (e7c5703604daa9cc128ccf5a5d3e993513758913-refs/branch-heads/5414@{#1172}) on port 52926
Only local connections are allowed.
Please see https://chromedriver.chromium.org/security-considerations for suggestions on keeping ChromeDriver safe.
ChromeDriver was started successfully.
Jan 13, 2023 9:36:47 AM org.openqa.selenium.remote.ProtocolHandshake createSession
INFO: Detected dialect: W3C
Jan 13, 2023 9:36:47 AM org.openqa.selenium.devtools.CdpVersionFinder findNearestMatch
WARNING: Unable to find an exact match for CDP version 109, so returning the closest version found: a no-op implementation
Jan 13, 2023 9:36:47 AM org.openqa.selenium.devtools.CdpVersionFinder findNearestMatch
INFO: Unable to find CDP implementation matching 109.
Jan 13, 2023 9:36:47 AM org.openqa.selenium.chromium.ChromiumDriver lambda$new$3
WARNING: Unable to find version of CDP to use for . You may need to include a dependency on a specific version of the CDP using something similar to `org.seleniumhq.selenium:selenium-devtools-v86:4.0.0` where the version ("v86") matches the version of the chromium-based browser you're using and the version number of the artifact is the same as Selenium's.
]]></system-err>
  </testcase>
</testsuite>